[0m22:02:47.460816 [debug] [MainThread]: Sending event: {'category': 'dbt', 'action': 'invocation', 'label': 'start', 'context': [<snowplow_tracker.self_describing_json.SelfDescribingJson object at 0x120468450>, <snowplow_tracker.self_describing_json.SelfDescribingJson object at 0x125dd89d0>, <snowplow_tracker.self_describing_json.SelfDescribingJson object at 0x125dd9110>]}


============================== 22:02:47.463727 | 6358ad11-f347-4467-ab04-1423aec80676 ==============================
[0m22:02:47.463727 [info ] [MainThread]: Running with dbt=1.9.6
[0m22:02:47.464081 [debug] [MainThread]: running dbt with arguments {'printer_width': '80', 'indirect_selection': 'eager', 'log_cache_events': 'False', 'write_json': 'True', 'partial_parse': 'True', 'cache_selected_only': 'False', 'warn_error': 'None', 'debug': 'False', 'profiles_dir': '/Users/govindandhanasekaran/.dbt', 'log_path': 'logs', 'fail_fast': 'False', 'version_check': 'True', 'use_colors': 'True', 'use_experimental_parser': 'False', 'no_print': 'None', 'quiet': 'False', 'empty': 'None', 'warn_error_options': 'WarnErrorOptions(include=[], exclude=[])', 'invocation_command': 'dbt init olist_analytics', 'log_format': 'default', 'static_parser': 'True', 'target_path': 'None', 'introspect': 'True', 'send_anonymous_usage_stats': 'True'}
[0m22:02:47.474434 [debug] [MainThread]: Starter project path: /Users/govindandhanasekaran/miniconda3/envs/prj/lib/python3.11/site-packages/dbt/include/starter_project
[0m22:02:47.478786 [info ] [MainThread]: 
Your new dbt project "olist_analytics" was created!

For more information on how to configure the profiles.yml file,
please consult the dbt documentation here:

  https://docs.getdbt.com/docs/configure-your-profile

One more thing:

Need help? Don't hesitate to reach out to us via GitHub issues or on Slack:

  https://community.getdbt.com/

Happy modeling!

[0m22:02:47.479058 [info ] [MainThread]: Setting up your profile.
[0m22:06:18.623928 [info ] [MainThread]: Profile olist_analytics written to /Users/govindandhanasekaran/.dbt/profiles.yml using target's profile_template.yml and your supplied values. Run 'dbt debug' to validate the connection.
[0m22:06:18.626805 [debug] [MainThread]: Resource report: {"command_name": "init", "command_success": true, "command_wall_clock_time": 211.21025, "process_in_blocks": "0", "process_kernel_time": 2.792235, "process_mem_max_rss": "442302464", "process_out_blocks": "0", "process_user_time": 3.660335}
[0m22:06:18.628592 [debug] [MainThread]: Command `dbt init` succeeded at 22:06:18.628371 after 211.21 seconds
[0m22:06:18.629218 [debug] [MainThread]: Sending event: {'category': 'dbt', 'action': 'invocation', 'label': 'end', 'context': [<snowplow_tracker.self_describing_json.SelfDescribingJson object at 0x103365050>, <snowplow_tracker.self_describing_json.SelfDescribingJson object at 0x125dd92d0>, <snowplow_tracker.self_describing_json.SelfDescribingJson object at 0x1032dfe90>]}
[0m22:06:18.629758 [debug] [MainThread]: Flushing usage events
[0m22:06:20.425558 [debug] [MainThread]: An error was encountered while trying to flush usage events
[0m23:08:46.229207 [debug] [MainThread]: Sending event: {'category': 'dbt', 'action': 'invocation', 'label': 'start', 'context': [<snowplow_tracker.self_describing_json.SelfDescribingJson object at 0x112a3e610>, <snowplow_tracker.self_describing_json.SelfDescribingJson object at 0x112abc990>, <snowplow_tracker.self_describing_json.SelfDescribingJson object at 0x112ae5d90>]}


============================== 23:08:46.232512 | cfed6ee8-88d9-47ea-882a-cc71165deabe ==============================
[0m23:08:46.232512 [info ] [MainThread]: Running with dbt=1.9.6
[0m23:08:46.232891 [debug] [MainThread]: running dbt with arguments {'printer_width': '80', 'indirect_selection': 'eager', 'write_json': 'True', 'log_cache_events': 'False', 'partial_parse': 'True', 'cache_selected_only': 'False', 'warn_error': 'None', 'version_check': 'True', 'debug': 'False', 'log_path': 'logs', 'fail_fast': 'False', 'profiles_dir': '/Users/govindandhanasekaran/.dbt', 'use_colors': 'True', 'use_experimental_parser': 'False', 'no_print': 'None', 'quiet': 'False', 'empty': 'False', 'warn_error_options': 'WarnErrorOptions(include=[], exclude=[])', 'static_parser': 'True', 'introspect': 'True', 'log_format': 'default', 'target_path': 'None', 'invocation_command': 'dbt run --select staging', 'send_anonymous_usage_stats': 'True'}
[0m23:08:46.233265 [error] [MainThread]: Encountered an error:
Runtime Error
  No dbt_project.yml found at expected path /Users/govindandhanasekaran/Dev/Github/M2_PROJECT/dbt/dbt_project.yml
  Verify that each entry within packages.yml (and their transitive dependencies) contains a file named dbt_project.yml
  
[0m23:08:46.235236 [debug] [MainThread]: Resource report: {"command_name": "run", "command_success": false, "command_wall_clock_time": 0.054394335, "process_in_blocks": "0", "process_kernel_time": 0.183364, "process_mem_max_rss": "131366912", "process_out_blocks": "0", "process_user_time": 1.377419}
[0m23:08:46.235539 [debug] [MainThread]: Command `dbt run` failed at 23:08:46.235481 after 0.05 seconds
[0m23:08:46.235770 [debug] [MainThread]: Sending event: {'category': 'dbt', 'action': 'invocation', 'label': 'end', 'context': [<snowplow_tracker.self_describing_json.SelfDescribingJson object at 0x103317290>, <snowplow_tracker.self_describing_json.SelfDescribingJson object at 0x1033172d0>, <snowplow_tracker.self_describing_json.SelfDescribingJson object at 0x103317e50>]}
[0m23:08:46.235988 [debug] [MainThread]: Flushing usage events
[0m23:08:47.506735 [debug] [MainThread]: An error was encountered while trying to flush usage events
